<?xml version="1.0" encoding="UTF-8"?>
<!-- Generated by org.testng.reporters.JUnitXMLReporter -->
<testsuite ignored="1" hostname="LAPTOP-6B769NSB" failures="0" tests="3" name="EdgeTest" time="0.276" errors="0" timestamp="2025-02-15T23:13:35 IST">
  <testcase classname="com.framework.testng.concepts.AppCommons" name="TestCase3" time="0.028"/>
  <testcase classname="com.framework.testng.concepts.AppCommons" name="TestCase3" time="0.007"/>
  <testcase classname="com.framework.testng.concepts.AppCommons" name="TestCase1" time="0.015"/>
  <testcase classname="com.framework.testng.concepts.AppCommons" name="TestCase2" time="0.0">
    <ignored/>
  </testcase> <!-- TestCase2 -->
</testsuite> <!-- EdgeTest -->
