<?xml version="1.0" encoding="UTF-8"?>
<!-- Generated by org.testng.reporters.JUnitXMLReporter -->
<testsuite ignored="0" hostname="LAPTOP-6B769NSB" failures="0" tests="4" name="Test" time="0.21" errors="0" timestamp="2025-02-15T22:28:10 IST">
  <testcase classname="com.framework.testng.concepts.AppCommons" name="TestCase3" time="0.025"/>
  <testcase classname="com.framework.testng.concepts.AppCommons" name="TestCase3" time="0.009"/>
  <testcase classname="com.framework.testng.concepts.AppCommons" name="TestCase1" time="0.006"/>
  <testcase classname="com.framework.testng.concepts.AppCommons" name="TestCase2" time="0.003"/>
</testsuite> <!-- Test -->
