<?xml version="1.0" encoding="UTF-8"?>
<testng-results ignored="3" total="12" passed="9" failed="0" skipped="0">
  <reporter-output>
  </reporter-output>
  <suite started-at="2025-02-15T23:13:35 IST" name="Suite" finished-at="2025-02-15T23:13:35 IST" duration-ms="277">
    <groups>
      <group name="Sanity">
        <method signature="AppCommons.TestCase3(java.lang.String,java.lang.String)[pri:1, instance:com.framework.testng.concepts.AppCommons@4218d6a3]" name="TestCase3" class="com.framework.testng.concepts.AppCommons"/>
        <method signature="AppCommons.TestCase3(java.lang.String,java.lang.String)[pri:1, instance:com.framework.testng.concepts.AppCommons@10683d9d]" name="TestCase3" class="com.framework.testng.concepts.AppCommons"/>
        <method signature="AppCommons.TestCase3(java.lang.String,java.lang.String)[pri:1, instance:com.framework.testng.concepts.AppCommons@139982de]" name="TestCase3" class="com.framework.testng.concepts.AppCommons"/>
      </group> <!-- Sanity -->
      <group name="Regression">
        <method signature="AppCommons.TestCase1()[pri:2, instance:com.framework.testng.concepts.AppCommons@4218d6a3]" name="TestCase1" class="com.framework.testng.concepts.AppCommons"/>
        <method signature="AppCommons.TestCase3(java.lang.String,java.lang.String)[pri:1, instance:com.framework.testng.concepts.AppCommons@4218d6a3]" name="TestCase3" class="com.framework.testng.concepts.AppCommons"/>
        <method signature="AppCommons.TestCase1()[pri:2, instance:com.framework.testng.concepts.AppCommons@10683d9d]" name="TestCase1" class="com.framework.testng.concepts.AppCommons"/>
        <method signature="AppCommons.TestCase3(java.lang.String,java.lang.String)[pri:1, instance:com.framework.testng.concepts.AppCommons@10683d9d]" name="TestCase3" class="com.framework.testng.concepts.AppCommons"/>
        <method signature="AppCommons.TestCase1()[pri:2, instance:com.framework.testng.concepts.AppCommons@139982de]" name="TestCase1" class="com.framework.testng.concepts.AppCommons"/>
        <method signature="AppCommons.TestCase3(java.lang.String,java.lang.String)[pri:1, instance:com.framework.testng.concepts.AppCommons@139982de]" name="TestCase3" class="com.framework.testng.concepts.AppCommons"/>
      </group> <!-- Regression -->
    </groups>
    <test started-at="2025-02-15T23:13:35 IST" name="SafariTest" finished-at="2025-02-15T23:13:35 IST" duration-ms="244">
      <class name="com.framework.testng.concepts.AppCommons">
        <test-method is-config="true" signature="startReporting()[pri:0, instance:com.framework.testng.concepts.AppCommons@139982de]" started-at="2025-02-15T23:13:35 IST" name="startReporting" finished-at="2025-02-15T23:13:35 IST" duration-ms="21" status="PASS">
          <reporter-output>
          </reporter-output>
        </test-method> <!-- startReporting -->
        <test-method is-config="true" signature="launchBrowserAndApplication(java.lang.String,java.lang.String)[pri:0, instance:com.framework.testng.concepts.AppCommons@139982de]" started-at="2025-02-15T23:13:35 IST" name="launchBrowserAndApplication" finished-at="2025-02-15T23:13:35 IST" duration-ms="5" status="PASS">
          <params>
            <param index="0">
              <value>
                <![CDATA[Safari]]>
              </value>
            </param>
            <param index="1">
              <value>
                <![CDATA[www.creatio.com]]>
              </value>
            </param>
          </params>
          <reporter-output>
          </reporter-output>
        </test-method> <!-- launchBrowserAndApplication -->
        <test-method signature="TestCase3(java.lang.String,java.lang.String)[pri:1, instance:com.framework.testng.concepts.AppCommons@139982de]" started-at="2025-02-15T23:13:35 IST" name="TestCase3" data-provider="data" finished-at="2025-02-15T23:13:35 IST" duration-ms="17" status="PASS">
          <params>
            <param index="0">
              <value>
                <![CDATA[Anurag]]>
              </value>
            </param>
            <param index="1">
              <value>
                <![CDATA[Anurag123]]>
              </value>
            </param>
          </params>
          <reporter-output>
          </reporter-output>
        </test-method> <!-- TestCase3 -->
        <test-method is-config="true" signature="closeBrowser()[pri:0, instance:com.framework.testng.concepts.AppCommons@139982de]" started-at="2025-02-15T23:13:35 IST" name="closeBrowser" finished-at="2025-02-15T23:13:35 IST" duration-ms="22" status="PASS">
          <reporter-output>
          </reporter-output>
        </test-method> <!-- closeBrowser -->
        <test-method is-config="true" signature="launchBrowserAndApplication(java.lang.String,java.lang.String)[pri:0, instance:com.framework.testng.concepts.AppCommons@139982de]" started-at="2025-02-15T23:13:35 IST" name="launchBrowserAndApplication" finished-at="2025-02-15T23:13:35 IST" duration-ms="7" status="PASS">
          <params>
            <param index="0">
              <value>
                <![CDATA[Safari]]>
              </value>
            </param>
            <param index="1">
              <value>
                <![CDATA[www.creatio.com]]>
              </value>
            </param>
          </params>
          <reporter-output>
          </reporter-output>
        </test-method> <!-- launchBrowserAndApplication -->
        <test-method signature="TestCase3(java.lang.String,java.lang.String)[pri:1, instance:com.framework.testng.concepts.AppCommons@139982de]" started-at="2025-02-15T23:13:35 IST" name="TestCase3" data-provider="data" finished-at="2025-02-15T23:13:35 IST" duration-ms="16" status="PASS">
          <params>
            <param index="0">
              <value>
                <![CDATA[invalid]]>
              </value>
            </param>
            <param index="1">
              <value>
                <![CDATA[invalid123]]>
              </value>
            </param>
          </params>
          <reporter-output>
          </reporter-output>
        </test-method> <!-- TestCase3 -->
        <test-method is-config="true" signature="closeBrowser()[pri:0, instance:com.framework.testng.concepts.AppCommons@139982de]" started-at="2025-02-15T23:13:35 IST" name="closeBrowser" finished-at="2025-02-15T23:13:35 IST" duration-ms="1" status="PASS">
          <reporter-output>
          </reporter-output>
        </test-method> <!-- closeBrowser -->
        <test-method is-config="true" signature="launchBrowserAndApplication(java.lang.String,java.lang.String)[pri:0, instance:com.framework.testng.concepts.AppCommons@139982de]" started-at="2025-02-15T23:13:35 IST" name="launchBrowserAndApplication" finished-at="2025-02-15T23:13:35 IST" duration-ms="0" status="PASS">
          <params>
            <param index="0">
              <value>
                <![CDATA[Safari]]>
              </value>
            </param>
            <param index="1">
              <value>
                <![CDATA[www.creatio.com]]>
              </value>
            </param>
          </params>
          <reporter-output>
          </reporter-output>
        </test-method> <!-- launchBrowserAndApplication -->
        <test-method signature="TestCase1()[pri:2, instance:com.framework.testng.concepts.AppCommons@139982de]" started-at="2025-02-15T23:13:35 IST" name="TestCase1" finished-at="2025-02-15T23:13:35 IST" duration-ms="23" status="PASS">
          <reporter-output>
          </reporter-output>
        </test-method> <!-- TestCase1 -->
        <test-method is-config="true" signature="closeBrowser()[pri:0, instance:com.framework.testng.concepts.AppCommons@139982de]" started-at="2025-02-15T23:13:35 IST" name="closeBrowser" finished-at="2025-02-15T23:13:35 IST" duration-ms="1" status="PASS">
          <reporter-output>
          </reporter-output>
        </test-method> <!-- closeBrowser -->
        <test-method is-config="true" signature="stopReporting()[pri:0, instance:com.framework.testng.concepts.AppCommons@139982de]" started-at="2025-02-15T23:13:35 IST" name="stopReporting" finished-at="2025-02-15T23:13:35 IST" duration-ms="3" status="PASS">
          <reporter-output>
          </reporter-output>
        </test-method> <!-- stopReporting -->
      </class> <!-- com.framework.testng.concepts.AppCommons -->
    </test> <!-- SafariTest -->
    <test started-at="2025-02-15T23:13:35 IST" name="EdgeTest" finished-at="2025-02-15T23:13:35 IST" duration-ms="276">
      <class name="com.framework.testng.concepts.AppCommons">
        <test-method is-config="true" signature="launchBrowserAndApplication(java.lang.String,java.lang.String)[pri:0, instance:com.framework.testng.concepts.AppCommons@10683d9d]" started-at="2025-02-15T23:13:35 IST" name="launchBrowserAndApplication" finished-at="2025-02-15T23:13:35 IST" duration-ms="7" status="PASS">
          <params>
            <param index="0">
              <value>
                <![CDATA[Edge]]>
              </value>
            </param>
            <param index="1">
              <value>
                <![CDATA[www.creatio.com]]>
              </value>
            </param>
          </params>
          <reporter-output>
          </reporter-output>
        </test-method> <!-- launchBrowserAndApplication -->
        <test-method signature="TestCase3(java.lang.String,java.lang.String)[pri:1, instance:com.framework.testng.concepts.AppCommons@10683d9d]" started-at="2025-02-15T23:13:35 IST" name="TestCase3" data-provider="data" finished-at="2025-02-15T23:13:35 IST" duration-ms="28" status="PASS">
          <params>
            <param index="0">
              <value>
                <![CDATA[Anurag]]>
              </value>
            </param>
            <param index="1">
              <value>
                <![CDATA[Anurag123]]>
              </value>
            </param>
          </params>
          <reporter-output>
          </reporter-output>
        </test-method> <!-- TestCase3 -->
        <test-method is-config="true" signature="closeBrowser()[pri:0, instance:com.framework.testng.concepts.AppCommons@10683d9d]" started-at="2025-02-15T23:13:35 IST" name="closeBrowser" finished-at="2025-02-15T23:13:35 IST" duration-ms="2" status="PASS">
          <reporter-output>
          </reporter-output>
        </test-method> <!-- closeBrowser -->
        <test-method is-config="true" signature="launchBrowserAndApplication(java.lang.String,java.lang.String)[pri:0, instance:com.framework.testng.concepts.AppCommons@10683d9d]" started-at="2025-02-15T23:13:35 IST" name="launchBrowserAndApplication" finished-at="2025-02-15T23:13:35 IST" duration-ms="9" status="PASS">
          <params>
            <param index="0">
              <value>
                <![CDATA[Edge]]>
              </value>
            </param>
            <param index="1">
              <value>
                <![CDATA[www.creatio.com]]>
              </value>
            </param>
          </params>
          <reporter-output>
          </reporter-output>
        </test-method> <!-- launchBrowserAndApplication -->
        <test-method signature="TestCase3(java.lang.String,java.lang.String)[pri:1, instance:com.framework.testng.concepts.AppCommons@10683d9d]" started-at="2025-02-15T23:13:35 IST" name="TestCase3" data-provider="data" finished-at="2025-02-15T23:13:35 IST" duration-ms="7" status="PASS">
          <params>
            <param index="0">
              <value>
                <![CDATA[invalid]]>
              </value>
            </param>
            <param index="1">
              <value>
                <![CDATA[invalid123]]>
              </value>
            </param>
          </params>
          <reporter-output>
          </reporter-output>
        </test-method> <!-- TestCase3 -->
        <test-method is-config="true" signature="closeBrowser()[pri:0, instance:com.framework.testng.concepts.AppCommons@10683d9d]" started-at="2025-02-15T23:13:35 IST" name="closeBrowser" finished-at="2025-02-15T23:13:35 IST" duration-ms="3" status="PASS">
          <reporter-output>
          </reporter-output>
        </test-method> <!-- closeBrowser -->
        <test-method is-config="true" signature="launchBrowserAndApplication(java.lang.String,java.lang.String)[pri:0, instance:com.framework.testng.concepts.AppCommons@10683d9d]" started-at="2025-02-15T23:13:35 IST" name="launchBrowserAndApplication" finished-at="2025-02-15T23:13:35 IST" duration-ms="1" status="PASS">
          <params>
            <param index="0">
              <value>
                <![CDATA[Edge]]>
              </value>
            </param>
            <param index="1">
              <value>
                <![CDATA[www.creatio.com]]>
              </value>
            </param>
          </params>
          <reporter-output>
          </reporter-output>
        </test-method> <!-- launchBrowserAndApplication -->
        <test-method signature="TestCase1()[pri:2, instance:com.framework.testng.concepts.AppCommons@10683d9d]" started-at="2025-02-15T23:13:35 IST" name="TestCase1" finished-at="2025-02-15T23:13:35 IST" duration-ms="15" status="PASS">
          <reporter-output>
          </reporter-output>
        </test-method> <!-- TestCase1 -->
        <test-method is-config="true" signature="closeBrowser()[pri:0, instance:com.framework.testng.concepts.AppCommons@10683d9d]" started-at="2025-02-15T23:13:35 IST" name="closeBrowser" finished-at="2025-02-15T23:13:35 IST" duration-ms="1" status="PASS">
          <reporter-output>
          </reporter-output>
        </test-method> <!-- closeBrowser -->
      </class> <!-- com.framework.testng.concepts.AppCommons -->
    </test> <!-- EdgeTest -->
    <test started-at="2025-02-15T23:13:35 IST" name="ChromeTest" finished-at="2025-02-15T23:13:35 IST" duration-ms="232">
      <class name="com.framework.testng.concepts.AppCommons">
        <test-method is-config="true" signature="launchBrowserAndApplication(java.lang.String,java.lang.String)[pri:0, instance:com.framework.testng.concepts.AppCommons@4218d6a3]" started-at="2025-02-15T23:13:35 IST" name="launchBrowserAndApplication" finished-at="2025-02-15T23:13:35 IST" duration-ms="6" status="PASS">
          <params>
            <param index="0">
              <value>
                <![CDATA[Chrome]]>
              </value>
            </param>
            <param index="1">
              <value>
                <![CDATA[www.creatio.com]]>
              </value>
            </param>
          </params>
          <reporter-output>
          </reporter-output>
        </test-method> <!-- launchBrowserAndApplication -->
        <test-method signature="TestCase3(java.lang.String,java.lang.String)[pri:1, instance:com.framework.testng.concepts.AppCommons@4218d6a3]" started-at="2025-02-15T23:13:35 IST" name="TestCase3" data-provider="data" finished-at="2025-02-15T23:13:35 IST" duration-ms="20" status="PASS">
          <params>
            <param index="0">
              <value>
                <![CDATA[Anurag]]>
              </value>
            </param>
            <param index="1">
              <value>
                <![CDATA[Anurag123]]>
              </value>
            </param>
          </params>
          <reporter-output>
          </reporter-output>
        </test-method> <!-- TestCase3 -->
        <test-method is-config="true" signature="closeBrowser()[pri:0, instance:com.framework.testng.concepts.AppCommons@4218d6a3]" started-at="2025-02-15T23:13:35 IST" name="closeBrowser" finished-at="2025-02-15T23:13:35 IST" duration-ms="1" status="PASS">
          <reporter-output>
          </reporter-output>
        </test-method> <!-- closeBrowser -->
        <test-method is-config="true" signature="launchBrowserAndApplication(java.lang.String,java.lang.String)[pri:0, instance:com.framework.testng.concepts.AppCommons@4218d6a3]" started-at="2025-02-15T23:13:35 IST" name="launchBrowserAndApplication" finished-at="2025-02-15T23:13:35 IST" duration-ms="2" status="PASS">
          <params>
            <param index="0">
              <value>
                <![CDATA[Chrome]]>
              </value>
            </param>
            <param index="1">
              <value>
                <![CDATA[www.creatio.com]]>
              </value>
            </param>
          </params>
          <reporter-output>
          </reporter-output>
        </test-method> <!-- launchBrowserAndApplication -->
        <test-method signature="TestCase3(java.lang.String,java.lang.String)[pri:1, instance:com.framework.testng.concepts.AppCommons@4218d6a3]" started-at="2025-02-15T23:13:35 IST" name="TestCase3" data-provider="data" finished-at="2025-02-15T23:13:35 IST" duration-ms="12" status="PASS">
          <params>
            <param index="0">
              <value>
                <![CDATA[invalid]]>
              </value>
            </param>
            <param index="1">
              <value>
                <![CDATA[invalid123]]>
              </value>
            </param>
          </params>
          <reporter-output>
          </reporter-output>
        </test-method> <!-- TestCase3 -->
        <test-method is-config="true" signature="closeBrowser()[pri:0, instance:com.framework.testng.concepts.AppCommons@4218d6a3]" started-at="2025-02-15T23:13:35 IST" name="closeBrowser" finished-at="2025-02-15T23:13:35 IST" duration-ms="1" status="PASS">
          <reporter-output>
          </reporter-output>
        </test-method> <!-- closeBrowser -->
        <test-method is-config="true" signature="launchBrowserAndApplication(java.lang.String,java.lang.String)[pri:0, instance:com.framework.testng.concepts.AppCommons@4218d6a3]" started-at="2025-02-15T23:13:35 IST" name="launchBrowserAndApplication" finished-at="2025-02-15T23:13:35 IST" duration-ms="13" status="PASS">
          <params>
            <param index="0">
              <value>
                <![CDATA[Chrome]]>
              </value>
            </param>
            <param index="1">
              <value>
                <![CDATA[www.creatio.com]]>
              </value>
            </param>
          </params>
          <reporter-output>
          </reporter-output>
        </test-method> <!-- launchBrowserAndApplication -->
        <test-method signature="TestCase1()[pri:2, instance:com.framework.testng.concepts.AppCommons@4218d6a3]" started-at="2025-02-15T23:13:35 IST" name="TestCase1" finished-at="2025-02-15T23:13:35 IST" duration-ms="13" status="PASS">
          <reporter-output>
          </reporter-output>
        </test-method> <!-- TestCase1 -->
        <test-method is-config="true" signature="closeBrowser()[pri:0, instance:com.framework.testng.concepts.AppCommons@4218d6a3]" started-at="2025-02-15T23:13:35 IST" name="closeBrowser" finished-at="2025-02-15T23:13:35 IST" duration-ms="1" status="PASS">
          <reporter-output>
          </reporter-output>
        </test-method> <!-- closeBrowser -->
      </class> <!-- com.framework.testng.concepts.AppCommons -->
    </test> <!-- ChromeTest -->
  </suite> <!-- Suite -->
</testng-results>
